C:\USERS\Z003EUNW\DOCUMENTS\VISUAL STUDIO 2012\PROJECTS\POINTOFSALEWITHGTESTANDGMOCK\GMOCK_POS\DEBUG\GMOCK_POS.OBJ
C:\USERS\Z003EUNW\DOCUMENTS\VISUAL STUDIO 2012\PROJECTS\POINTOFSALEWITHGTESTANDGMOCK\GMOCK_POS\DEBUG\SELLONEITEMCONTROLLERTEST.OBJ
C:\USERS\Z003EUNW\DOCUMENTS\VISUAL STUDIO 2012\PROJECTS\POINTOFSALEWITHGTESTANDGMOCK\GMOCK_POS\DEBUG\VC110.PDB
C:\USERS\Z003EUNW\DOCUMENTS\VISUAL STUDIO 2012\PROJECTS\POINTOFSALEWITHGTESTANDGMOCK\DEBUG\GMOCK_POS.ILK
C:\USERS\Z003EUNW\DOCUMENTS\VISUAL STUDIO 2012\PROJECTS\POINTOFSALEWITHGTESTANDGMOCK\DEBUG\GMOCK_POS.EXE
C:\USERS\Z003EUNW\DOCUMENTS\VISUAL STUDIO 2012\PROJECTS\POINTOFSALEWITHGTESTANDGMOCK\DEBUG\GMOCK_POS.PDB
C:\Users\Z003EUNW\Documents\Visual Studio 2012\Projects\pointOfSaleWithGTestAndGMock\gmock_POS\Debug\gmock_POS.obj
C:\Users\Z003EUNW\Documents\Visual Studio 2012\Projects\pointOfSaleWithGTestAndGMock\gmock_POS\Debug\SellOneItemControllerTest.obj
C:\Users\Z003EUNW\Documents\Visual Studio 2012\Projects\pointOfSaleWithGTestAndGMock\gmock_POS\Debug\cl.command.1.tlog
C:\Users\Z003EUNW\Documents\Visual Studio 2012\Projects\pointOfSaleWithGTestAndGMock\gmock_POS\Debug\CL.read.1.tlog
C:\Users\Z003EUNW\Documents\Visual Studio 2012\Projects\pointOfSaleWithGTestAndGMock\gmock_POS\Debug\CL.write.1.tlog
C:\Users\Z003EUNW\Documents\Visual Studio 2012\Projects\pointOfSaleWithGTestAndGMock\gmock_POS\Debug\link.6968-cvtres.read.1.tlog
C:\Users\Z003EUNW\Documents\Visual Studio 2012\Projects\pointOfSaleWithGTestAndGMock\gmock_POS\Debug\link.6968-cvtres.write.1.tlog
C:\Users\Z003EUNW\Documents\Visual Studio 2012\Projects\pointOfSaleWithGTestAndGMock\gmock_POS\Debug\link.6968-rc.read.1.tlog
C:\Users\Z003EUNW\Documents\Visual Studio 2012\Projects\pointOfSaleWithGTestAndGMock\gmock_POS\Debug\link.6968-rc.write.1.tlog
C:\Users\Z003EUNW\Documents\Visual Studio 2012\Projects\pointOfSaleWithGTestAndGMock\gmock_POS\Debug\link.6968.read.1.tlog
C:\Users\Z003EUNW\Documents\Visual Studio 2012\Projects\pointOfSaleWithGTestAndGMock\gmock_POS\Debug\link.6968.write.1.tlog
C:\Users\Z003EUNW\Documents\Visual Studio 2012\Projects\pointOfSaleWithGTestAndGMock\gmock_POS\Debug\link.command.1.tlog
C:\Users\Z003EUNW\Documents\Visual Studio 2012\Projects\pointOfSaleWithGTestAndGMock\gmock_POS\Debug\link.read.1.tlog
C:\Users\Z003EUNW\Documents\Visual Studio 2012\Projects\pointOfSaleWithGTestAndGMock\gmock_POS\Debug\link.write.1.tlog
C:\Users\Z003EUNW\Documents\Visual Studio 2012\Projects\pointOfSaleWithGTestAndGMock\gmock_POS\Debug\vc110.idb
C:\Users\Z003EUNW\Documents\Visual Studio 2012\Projects\pointOfSaleWithGTestAndGMock\gmock_POS\Debug\vc110.pdb
C:\Users\Z003EUNW\Documents\Visual Studio 2012\Projects\pointOfSaleWithGTestAndGMock\Debug\gmock_POS.pdb
C:\Users\Z003EUNW\Documents\Visual Studio 2012\Projects\pointOfSaleWithGTestAndGMock\Debug\gmock_POS.exe
C:\Users\Z003EUNW\Documents\Visual Studio 2012\Projects\pointOfSaleWithGTestAndGMock\Debug\gmock_POS.ilk
