C:\USERS\Z003EUNW\DOCUMENTS\VISUAL STUDIO 2012\PROJECTS\WIN32PROJECT1\GMOCK_POS\RELEASE\GMOCK_POS.PCH
C:\USERS\Z003EUNW\DOCUMENTS\VISUAL STUDIO 2012\PROJECTS\WIN32PROJECT1\GMOCK_POS\RELEASE\STDAFX.OBJ
C:\USERS\Z003EUNW\DOCUMENTS\VISUAL STUDIO 2012\PROJECTS\WIN32PROJECT1\GMOCK_POS\RELEASE\VC110.PDB
C:\USERS\Z003EUNW\DOCUMENTS\VISUAL STUDIO 2012\PROJECTS\WIN32PROJECT1\GMOCK_POS\RELEASE\TEST.OBJ
C:\USERS\Z003EUNW\DOCUMENTS\VISUAL STUDIO 2012\PROJECTS\WIN32PROJECT1\GMOCK_POS\RELEASE\GMOCK_POS.OBJ
C:\USERS\Z003EUNW\DOCUMENTS\VISUAL STUDIO 2012\PROJECTS\WIN32PROJECT1\RELEASE\GMOCK_POS.EXE
C:\USERS\Z003EUNW\DOCUMENTS\VISUAL STUDIO 2012\PROJECTS\WIN32PROJECT1\RELEASE\GMOCK_POS.PDB
C:\Users\Z003EUNW\Documents\Visual Studio 2012\Projects\Win32Project1\gmock_POS\Release\gmock_POS.vcxprojResolveAssemblyReference.cache
C:\Users\Z003EUNW\Documents\Visual Studio 2012\Projects\Win32Project1\gmock_POS\Release\gmock_POS.obj
C:\Users\Z003EUNW\Documents\Visual Studio 2012\Projects\Win32Project1\gmock_POS\Release\stdafx.obj
C:\Users\Z003EUNW\Documents\Visual Studio 2012\Projects\Win32Project1\gmock_POS\Release\Test.obj
C:\Users\Z003EUNW\Documents\Visual Studio 2012\Projects\Win32Project1\gmock_POS\Release\cl.command.1.tlog
C:\Users\Z003EUNW\Documents\Visual Studio 2012\Projects\Win32Project1\gmock_POS\Release\CL.read.1.tlog
C:\Users\Z003EUNW\Documents\Visual Studio 2012\Projects\Win32Project1\gmock_POS\Release\CL.write.1.tlog
C:\Users\Z003EUNW\Documents\Visual Studio 2012\Projects\Win32Project1\gmock_POS\Release\link-cvtres.read.1.tlog
C:\Users\Z003EUNW\Documents\Visual Studio 2012\Projects\Win32Project1\gmock_POS\Release\link-cvtres.write.1.tlog
C:\Users\Z003EUNW\Documents\Visual Studio 2012\Projects\Win32Project1\gmock_POS\Release\link-rc.read.1.tlog
C:\Users\Z003EUNW\Documents\Visual Studio 2012\Projects\Win32Project1\gmock_POS\Release\link-rc.write.1.tlog
C:\Users\Z003EUNW\Documents\Visual Studio 2012\Projects\Win32Project1\gmock_POS\Release\link.command.1.tlog
C:\Users\Z003EUNW\Documents\Visual Studio 2012\Projects\Win32Project1\gmock_POS\Release\link.read.1.tlog
C:\Users\Z003EUNW\Documents\Visual Studio 2012\Projects\Win32Project1\gmock_POS\Release\link.write.1.tlog
C:\Users\Z003EUNW\Documents\Visual Studio 2012\Projects\Win32Project1\gmock_POS\Release\gmock_POS.pch
C:\Users\Z003EUNW\Documents\Visual Studio 2012\Projects\Win32Project1\gmock_POS\Release\vc110.pdb
C:\Users\Z003EUNW\Documents\Visual Studio 2012\Projects\Win32Project1\Release\gmock_POS.pdb
