C:\USERS\Z003EUNW\DOCUMENTS\VISUAL STUDIO 2012\PROJECTS\POINTOFSALEWITHGTESTANDGMOCK\POS\DEBUG\POS.PCH
C:\USERS\Z003EUNW\DOCUMENTS\VISUAL STUDIO 2012\PROJECTS\POINTOFSALEWITHGTESTANDGMOCK\POS\DEBUG\STDAFX.OBJ
C:\USERS\Z003EUNW\DOCUMENTS\VISUAL STUDIO 2012\PROJECTS\POINTOFSALEWITHGTESTANDGMOCK\POS\DEBUG\VC110.PDB
C:\USERS\Z003EUNW\DOCUMENTS\VISUAL STUDIO 2012\PROJECTS\POINTOFSALEWITHGTESTANDGMOCK\POS\DEBUG\POS.OBJ
C:\USERS\Z003EUNW\DOCUMENTS\VISUAL STUDIO 2012\PROJECTS\POINTOFSALEWITHGTESTANDGMOCK\DEBUG\POS.ILK
C:\USERS\Z003EUNW\DOCUMENTS\VISUAL STUDIO 2012\PROJECTS\POINTOFSALEWITHGTESTANDGMOCK\DEBUG\POS.EXE
C:\USERS\Z003EUNW\DOCUMENTS\VISUAL STUDIO 2012\PROJECTS\POINTOFSALEWITHGTESTANDGMOCK\DEBUG\POS.PDB
C:\Users\Z003EUNW\Documents\Visual Studio 2012\Projects\pointOfSaleWithGTestAndGMock\POS\Debug\stdafx.obj
C:\Users\Z003EUNW\Documents\Visual Studio 2012\Projects\pointOfSaleWithGTestAndGMock\POS\Debug\cl.command.1.tlog
C:\Users\Z003EUNW\Documents\Visual Studio 2012\Projects\pointOfSaleWithGTestAndGMock\POS\Debug\CL.read.1.tlog
C:\Users\Z003EUNW\Documents\Visual Studio 2012\Projects\pointOfSaleWithGTestAndGMock\POS\Debug\CL.write.1.tlog
C:\Users\Z003EUNW\Documents\Visual Studio 2012\Projects\pointOfSaleWithGTestAndGMock\POS\Debug\link-cvtres.read.1.tlog
C:\Users\Z003EUNW\Documents\Visual Studio 2012\Projects\pointOfSaleWithGTestAndGMock\POS\Debug\link-cvtres.write.1.tlog
C:\Users\Z003EUNW\Documents\Visual Studio 2012\Projects\pointOfSaleWithGTestAndGMock\POS\Debug\link-rc.read.1.tlog
C:\Users\Z003EUNW\Documents\Visual Studio 2012\Projects\pointOfSaleWithGTestAndGMock\POS\Debug\link-rc.write.1.tlog
C:\Users\Z003EUNW\Documents\Visual Studio 2012\Projects\pointOfSaleWithGTestAndGMock\POS\Debug\link.command.1.tlog
C:\Users\Z003EUNW\Documents\Visual Studio 2012\Projects\pointOfSaleWithGTestAndGMock\POS\Debug\link.read.1.tlog
C:\Users\Z003EUNW\Documents\Visual Studio 2012\Projects\pointOfSaleWithGTestAndGMock\POS\Debug\link.write.1.tlog
C:\Users\Z003EUNW\Documents\Visual Studio 2012\Projects\pointOfSaleWithGTestAndGMock\POS\Debug\POS.pch
C:\Users\Z003EUNW\Documents\Visual Studio 2012\Projects\pointOfSaleWithGTestAndGMock\POS\Debug\vc110.idb
C:\Users\Z003EUNW\Documents\Visual Studio 2012\Projects\pointOfSaleWithGTestAndGMock\POS\Debug\vc110.pdb
C:\Users\Z003EUNW\Documents\Visual Studio 2012\Projects\pointOfSaleWithGTestAndGMock\Debug\POS.pdb
C:\Users\Z003EUNW\Documents\Visual Studio 2012\Projects\pointOfSaleWithGTestAndGMock\Debug\POS.exe
C:\Users\Z003EUNW\Documents\Visual Studio 2012\Projects\pointOfSaleWithGTestAndGMock\Debug\POS.ilk
